<?xml version="1.0" encoding="UTF-8"?>
<testng-results skipped="0" failed="0" ignored="0" total="1" passed="1">
  <reporter-output>
  </reporter-output>
  <suite name="Default suite" duration-ms="2073" started-at="2018-06-09T14:04:46Z" finished-at="2018-06-09T14:04:48Z">
    <groups>
    </groups>
    <test name="Default test" duration-ms="2073" started-at="2018-06-09T14:04:46Z" finished-at="2018-06-09T14:04:48Z">
      <class name="com.qa.rest.Get">
        <test-method status="PASS" signature="Test1()[pri:0, instance:com.qa.rest.Get@7823a2f9]" name="Test1" duration-ms="2058" started-at="2018-06-09T14:04:46Z" finished-at="2018-06-09T14:04:48Z">
          <reporter-output>
          </reporter-output>
        </test-method> <!-- Test1 -->
      </class> <!-- com.qa.rest.Get -->
    </test> <!-- Default test -->
  </suite> <!-- Default suite -->
</testng-results>
